<?xml version="1.0" encoding="UTF-8"?>
<testng-results skipped="0" failed="0" total="1" passed="1">
  <reporter-output>
  </reporter-output>
  <suite name="Default suite" duration-ms="163489" started-at="2018-02-23T17:38:55Z" finished-at="2018-02-23T17:41:38Z">
    <groups>
    </groups>
    <test name="Default test" duration-ms="163489" started-at="2018-02-23T17:38:55Z" finished-at="2018-02-23T17:41:38Z">
      <class name="test.urlTesting">
        <test-method status="PASS" signature="Geneo()[pri:0, instance:test.urlTesting@28feb3fa]" name="Geneo" duration-ms="163443" started-at="2018-02-23T23:08:55Z" finished-at="2018-02-23T23:11:38Z">
          <reporter-output>
          </reporter-output>
        </test-method> <!-- Geneo -->
      </class> <!-- test.urlTesting -->
    </test> <!-- Default test -->
  </suite> <!-- Default suite -->
</testng-results>
